[2018-02-22 23:05:38] production.DEBUG: Flarum\Http\Exception\RouteNotFoundException in /Volumes/LOCALBRAIN/Projects/Web_Projects_htdocs/neo-platform-devel/community/vendor/flarum/core/src/Http/Middleware/DispatchRoute.php:62
Stack trace:
#0 /Volumes/LOCALBRAIN/Projects/Web_Projects_htdocs/neo-platform-devel/community/vendor/zendframework/zend-stratigility/src/Dispatch.php(212): Flarum\Http\Middleware\DispatchRoute->__invoke(Object(Zend\Stratigility\Http\Request), Object(Zend\Stratigility\Http\Response), Object(Zend\Stratigility\Next))
#1 /Volumes/LOCALBRAIN/Projects/Web_Projects_htdocs/neo-platform-devel/community/vendor/zendframework/zend-stratigility/src/Dispatch.php(88): Zend\Stratigility\Dispatch->dispatchCallableMiddleware(Object(Flarum\Http\Middleware\DispatchRoute), Object(Zend\Stratigility\Next), Object(Zend\Stratigility\Http\Request), Object(Zend\Stratigility\Http\Response), NULL)
#2 /Volumes/LOCALBRAIN/Projects/Web_Projects_htdocs/neo-platform-devel/community/vendor/zendframework/zend-stratigility/src/Next.php(160): Zend\Stratigility\Dispatch->__invoke(Object(Zend\Stratigility\Route), NULL, Object(Zend\Stratigility\Http\Request), Object(Zend\Stratigility\Http\Response), Object(Zend\Stratigility\Next))
#3 /Volumes/LOCALBRAIN/Projects/Web_Projects_htdocs/neo-platform-devel/community/vendor/flarum/core/src/Http/Middleware/SetLocale.php(51): Zend\Stratigility\Next->__invoke(Object(Zend\Stratigility\Http\Request), Object(Zend\Stratigility\Http\Response))
#4 /Volumes/LOCALBRAIN/Projects/Web_Projects_htdocs/neo-platform-devel/community/vendor/zendframework/zend-stratigility/src/Dispatch.php(212): Flarum\Http\Middleware\SetLocale->__invoke(Object(Zend\Stratigility\Http\Request), Object(Zend\Stratigility\Http\Response), Object(Zend\Stratigility\Next))
#5 /Volumes/LOCALBRAIN/Projects/Web_Projects_htdocs/neo-platform-devel/community/vendor/zendframework/zend-stratigility/src/Dispatch.php(88): Zend\Stratigility\Dispatch->dispatchCallableMiddleware(Object(Flarum\Http\Middleware\SetLocale), Object(Zend\Stratigility\Next), Object(Zend\Stratigility\Http\Request), Object(Zend\Stratigility\Http\Response), NULL)
#6 /Volumes/LOCALBRAIN/Projects/Web_Projects_htdocs/neo-platform-devel/community/vendor/zendframework/zend-stratigility/src/Next.php(160): Zend\Stratigility\Dispatch->__invoke(Object(Zend\Stratigility\Route), NULL, Object(Zend\Stratigility\Http\Request), Object(Zend\Stratigility\Http\Response), Object(Zend\Stratigility\Next))
#7 /Volumes/LOCALBRAIN/Projects/Web_Projects_htdocs/neo-platform-devel/community/vendor/flarum/core/src/Http/Middleware/AuthenticateWithSession.php(36): Zend\Stratigility\Next->__invoke(Object(Zend\Stratigility\Http\Request), Object(Zend\Stratigility\Http\Response))
#8 /Volumes/LOCALBRAIN/Projects/Web_Projects_htdocs/neo-platform-devel/community/vendor/zendframework/zend-stratigility/src/Dispatch.php(212): Flarum\Http\Middleware\AuthenticateWithSession->__invoke(Object(Zend\Stratigility\Http\Request), Object(Zend\Stratigility\Http\Response), Object(Zend\Stratigility\Next))
#9 /Volumes/LOCALBRAIN/Projects/Web_Projects_htdocs/neo-platform-devel/community/vendor/zendframework/zend-stratigility/src/Dispatch.php(88): Zend\Stratigility\Dispatch->dispatchCallableMiddleware(Object(Flarum\Http\Middleware\AuthenticateWithSession), Object(Zend\Stratigility\Next), Object(Zend\Stratigility\Http\Request), Object(Zend\Stratigility\Http\Response), NULL)
#10 /Volumes/LOCALBRAIN/Projects/Web_Projects_htdocs/neo-platform-devel/community/vendor/zendframework/zend-stratigility/src/Next.php(160): Zend\Stratigility\Dispatch->__invoke(Object(Zend\Stratigility\Route), NULL, Object(Zend\Stratigility\Http\Request), Object(Zend\Stratigility\Http\Response), Object(Zend\Stratigility\Next))
#11 /Volumes/LOCALBRAIN/Projects/Web_Projects_htdocs/neo-platform-devel/community/vendor/flarum/core/src/Http/Middleware/RememberFromCookie.php(39): Zend\Stratigility\Next->__invoke(Object(Zend\Stratigility\Http\Request), Object(Zend\Stratigility\Http\Response))
#12 /Volumes/LOCALBRAIN/Projects/Web_Projects_htdocs/neo-platform-devel/community/vendor/zendframework/zend-stratigility/src/Dispatch.php(212): Flarum\Http\Middleware\RememberFromCookie->__invoke(Object(Zend\Stratigility\Http\Request), Object(Zend\Stratigility\Http\Response), Object(Zend\Stratigility\Next))
#13 /Volumes/LOCALBRAIN/Projects/Web_Projects_htdocs/neo-platform-devel/community/vendor/zendframework/zend-stratigility/src/Dispatch.php(88): Zend\Stratigility\Dispatch->dispatchCallableMiddleware(Object(Flarum\Http\Middleware\RememberFromCookie), Object(Zend\Stratigility\Next), Object(Zend\Stratigility\Http\Request), Object(Zend\Stratigility\Http\Response), NULL)
#14 /Volumes/LOCALBRAIN/Projects/Web_Projects_htdocs/neo-platform-devel/community/vendor/zendframework/zend-stratigility/src/Next.php(160): Zend\Stratigility\Dispatch->__invoke(Object(Zend\Stratigility\Route), NULL, Object(Zend\Stratigility\Http\Request), Object(Zend\Stratigility\Http\Response), Object(Zend\Stratigility\Next))
#15 /Volumes/LOCALBRAIN/Projects/Web_Projects_htdocs/neo-platform-devel/community/vendor/flarum/core/src/Http/Middleware/StartSession.php(48): Zend\Stratigility\Next->__invoke(Object(Zend\Stratigility\Http\Request), Object(Zend\Stratigility\Http\Response))
#16 /Volumes/LOCALBRAIN/Projects/Web_Projects_htdocs/neo-platform-devel/community/vendor/zendframework/zend-stratigility/src/Dispatch.php(212): Flarum\Http\Middleware\StartSession->__invoke(Object(Zend\Stratigility\Http\Request), Object(Zend\Stratigility\Http\Response), Object(Zend\Stratigility\Next))
#17 /Volumes/LOCALBRAIN/Projects/Web_Projects_htdocs/neo-platform-devel/community/vendor/zendframework/zend-stratigility/src/Dispatch.php(88): Zend\Stratigility\Dispatch->dispatchCallableMiddleware(Object(Flarum\Http\Middleware\StartSession), Object(Zend\Stratigility\Next), Object(Zend\Stratigility\Http\Request), Object(Zend\Stratigility\Http\Response), NULL)
#18 /Volumes/LOCALBRAIN/Projects/Web_Projects_htdocs/neo-platform-devel/community/vendor/zendframework/zend-stratigility/src/Next.php(160): Zend\Stratigility\Dispatch->__invoke(Object(Zend\Stratigility\Route), NULL, Object(Zend\Stratigility\Http\Request), Object(Zend\Stratigility\Http\Response), Object(Zend\Stratigility\Next))
#19 /Volumes/LOCALBRAIN/Projects/Web_Projects_htdocs/neo-platform-devel/community/vendor/flarum/core/src/Http/Middleware/ParseJsonBody.php(31): Zend\Stratigility\Next->__invoke(Object(Zend\Stratigility\Http\Request), Object(Zend\Stratigility\Http\Response))
#20 /Volumes/LOCALBRAIN/Projects/Web_Projects_htdocs/neo-platform-devel/community/vendor/zendframework/zend-stratigility/src/Dispatch.php(212): Flarum\Http\Middleware\ParseJsonBody->__invoke(Object(Zend\Stratigility\Http\Request), Object(Zend\Stratigility\Http\Response), Object(Zend\Stratigility\Next))
#21 /Volumes/LOCALBRAIN/Projects/Web_Projects_htdocs/neo-platform-devel/community/vendor/zendframework/zend-stratigility/src/Dispatch.php(88): Zend\Stratigility\Dispatch->dispatchCallableMiddleware(Object(Flarum\Http\Middleware\ParseJsonBody), Object(Zend\Stratigility\Next), Object(Zend\Stratigility\Http\Request), Object(Zend\Stratigility\Http\Response), NULL)
#22 /Volumes/LOCALBRAIN/Projects/Web_Projects_htdocs/neo-platform-devel/community/vendor/zendframework/zend-stratigility/src/Next.php(160): Zend\Stratigility\Dispatch->__invoke(Object(Zend\Stratigility\Route), NULL, Object(Zend\Stratigility\Http\Request), Object(Zend\Stratigility\Http\Response), Object(Zend\Stratigility\Next))
#23 /Volumes/LOCALBRAIN/Projects/Web_Projects_htdocs/neo-platform-devel/community/vendor/flarum/core/src/Http/Middleware/HandleErrors.php(61): Zend\Stratigility\Next->__invoke(Object(Zend\Stratigility\Http\Request), Object(Zend\Stratigility\Http\Response))
#24 /Volumes/LOCALBRAIN/Projects/Web_Projects_htdocs/neo-platform-devel/community/vendor/zendframework/zend-stratigility/src/Dispatch.php(212): Flarum\Http\Middleware\HandleErrors->__invoke(Object(Zend\Stratigility\Http\Request), Object(Zend\Stratigility\Http\Response), Object(Zend\Stratigility\Next))
#25 /Volumes/LOCALBRAIN/Projects/Web_Projects_htdocs/neo-platform-devel/community/vendor/zendframework/zend-stratigility/src/Dispatch.php(88): Zend\Stratigility\Dispatch->dispatchCallableMiddleware(Object(Flarum\Http\Middleware\HandleErrors), Object(Zend\Stratigility\Next), Object(Zend\Stratigility\Http\Request), Object(Zend\Stratigility\Http\Response), NULL)
#26 /Volumes/LOCALBRAIN/Projects/Web_Projects_htdocs/neo-platform-devel/community/vendor/zendframework/zend-stratigility/src/Next.php(160): Zend\Stratigility\Dispatch->__invoke(Object(Zend\Stratigility\Route), NULL, Object(Zend\Stratigility\Http\Request), Object(Zend\Stratigility\Http\Response), Object(Zend\Stratigility\Next))
#27 /Volumes/LOCALBRAIN/Projects/Web_Projects_htdocs/neo-platform-devel/community/vendor/zendframework/zend-stratigility/src/MiddlewarePipe.php(111): Zend\Stratigility\Next->__invoke(Object(Zend\Stratigility\Http\Request), Object(Zend\Stratigility\Http\Response))
#28 /Volumes/LOCALBRAIN/Projects/Web_Projects_htdocs/neo-platform-devel/community/vendor/flarum/core/src/Http/AbstractServer.php(55): Zend\Stratigility\MiddlewarePipe->__invoke(Object(Zend\Stratigility\Http\Request), Object(Zend\Stratigility\Http\Response), Object(Zend\Stratigility\NoopFinalHandler))
#29 /Volumes/LOCALBRAIN/Projects/Web_Projects_htdocs/neo-platform-devel/community/vendor/zendframework/zend-diactoros/src/Server.php(157): Flarum\Http\AbstractServer->__invoke(Object(Zend\Diactoros\ServerRequest), Object(Zend\Diactoros\Response), Object(Zend\Stratigility\NoopFinalHandler))
#30 /Volumes/LOCALBRAIN/Projects/Web_Projects_htdocs/neo-platform-devel/community/vendor/flarum/core/src/Http/AbstractServer.php(36): Zend\Diactoros\Server->listen(Object(Zend\Stratigility\NoopFinalHandler))
#31 /Volumes/LOCALBRAIN/Projects/Web_Projects_htdocs/neo-platform-devel/community/index.php(16): Flarum\Http\AbstractServer->listen()
#32 {main}  
[2018-02-22 23:05:51] production.DEBUG: Flarum\Http\Exception\RouteNotFoundException in /Volumes/LOCALBRAIN/Projects/Web_Projects_htdocs/neo-platform-devel/community/vendor/flarum/core/src/Http/Middleware/DispatchRoute.php:62
Stack trace:
#0 /Volumes/LOCALBRAIN/Projects/Web_Projects_htdocs/neo-platform-devel/community/vendor/zendframework/zend-stratigility/src/Dispatch.php(212): Flarum\Http\Middleware\DispatchRoute->__invoke(Object(Zend\Stratigility\Http\Request), Object(Zend\Stratigility\Http\Response), Object(Zend\Stratigility\Next))
#1 /Volumes/LOCALBRAIN/Projects/Web_Projects_htdocs/neo-platform-devel/community/vendor/zendframework/zend-stratigility/src/Dispatch.php(88): Zend\Stratigility\Dispatch->dispatchCallableMiddleware(Object(Flarum\Http\Middleware\DispatchRoute), Object(Zend\Stratigility\Next), Object(Zend\Stratigility\Http\Request), Object(Zend\Stratigility\Http\Response), NULL)
#2 /Volumes/LOCALBRAIN/Projects/Web_Projects_htdocs/neo-platform-devel/community/vendor/zendframework/zend-stratigility/src/Next.php(160): Zend\Stratigility\Dispatch->__invoke(Object(Zend\Stratigility\Route), NULL, Object(Zend\Stratigility\Http\Request), Object(Zend\Stratigility\Http\Response), Object(Zend\Stratigility\Next))
#3 /Volumes/LOCALBRAIN/Projects/Web_Projects_htdocs/neo-platform-devel/community/vendor/flarum/core/src/Http/Middleware/SetLocale.php(51): Zend\Stratigility\Next->__invoke(Object(Zend\Stratigility\Http\Request), Object(Zend\Stratigility\Http\Response))
#4 /Volumes/LOCALBRAIN/Projects/Web_Projects_htdocs/neo-platform-devel/community/vendor/zendframework/zend-stratigility/src/Dispatch.php(212): Flarum\Http\Middleware\SetLocale->__invoke(Object(Zend\Stratigility\Http\Request), Object(Zend\Stratigility\Http\Response), Object(Zend\Stratigility\Next))
#5 /Volumes/LOCALBRAIN/Projects/Web_Projects_htdocs/neo-platform-devel/community/vendor/zendframework/zend-stratigility/src/Dispatch.php(88): Zend\Stratigility\Dispatch->dispatchCallableMiddleware(Object(Flarum\Http\Middleware\SetLocale), Object(Zend\Stratigility\Next), Object(Zend\Stratigility\Http\Request), Object(Zend\Stratigility\Http\Response), NULL)
#6 /Volumes/LOCALBRAIN/Projects/Web_Projects_htdocs/neo-platform-devel/community/vendor/zendframework/zend-stratigility/src/Next.php(160): Zend\Stratigility\Dispatch->__invoke(Object(Zend\Stratigility\Route), NULL, Object(Zend\Stratigility\Http\Request), Object(Zend\Stratigility\Http\Response), Object(Zend\Stratigility\Next))
#7 /Volumes/LOCALBRAIN/Projects/Web_Projects_htdocs/neo-platform-devel/community/vendor/flarum/core/src/Http/Middleware/AuthenticateWithSession.php(36): Zend\Stratigility\Next->__invoke(Object(Zend\Stratigility\Http\Request), Object(Zend\Stratigility\Http\Response))
#8 /Volumes/LOCALBRAIN/Projects/Web_Projects_htdocs/neo-platform-devel/community/vendor/zendframework/zend-stratigility/src/Dispatch.php(212): Flarum\Http\Middleware\AuthenticateWithSession->__invoke(Object(Zend\Stratigility\Http\Request), Object(Zend\Stratigility\Http\Response), Object(Zend\Stratigility\Next))
#9 /Volumes/LOCALBRAIN/Projects/Web_Projects_htdocs/neo-platform-devel/community/vendor/zendframework/zend-stratigility/src/Dispatch.php(88): Zend\Stratigility\Dispatch->dispatchCallableMiddleware(Object(Flarum\Http\Middleware\AuthenticateWithSession), Object(Zend\Stratigility\Next), Object(Zend\Stratigility\Http\Request), Object(Zend\Stratigility\Http\Response), NULL)
#10 /Volumes/LOCALBRAIN/Projects/Web_Projects_htdocs/neo-platform-devel/community/vendor/zendframework/zend-stratigility/src/Next.php(160): Zend\Stratigility\Dispatch->__invoke(Object(Zend\Stratigility\Route), NULL, Object(Zend\Stratigility\Http\Request), Object(Zend\Stratigility\Http\Response), Object(Zend\Stratigility\Next))
#11 /Volumes/LOCALBRAIN/Projects/Web_Projects_htdocs/neo-platform-devel/community/vendor/flarum/core/src/Http/Middleware/RememberFromCookie.php(39): Zend\Stratigility\Next->__invoke(Object(Zend\Stratigility\Http\Request), Object(Zend\Stratigility\Http\Response))
#12 /Volumes/LOCALBRAIN/Projects/Web_Projects_htdocs/neo-platform-devel/community/vendor/zendframework/zend-stratigility/src/Dispatch.php(212): Flarum\Http\Middleware\RememberFromCookie->__invoke(Object(Zend\Stratigility\Http\Request), Object(Zend\Stratigility\Http\Response), Object(Zend\Stratigility\Next))
#13 /Volumes/LOCALBRAIN/Projects/Web_Projects_htdocs/neo-platform-devel/community/vendor/zendframework/zend-stratigility/src/Dispatch.php(88): Zend\Stratigility\Dispatch->dispatchCallableMiddleware(Object(Flarum\Http\Middleware\RememberFromCookie), Object(Zend\Stratigility\Next), Object(Zend\Stratigility\Http\Request), Object(Zend\Stratigility\Http\Response), NULL)
#14 /Volumes/LOCALBRAIN/Projects/Web_Projects_htdocs/neo-platform-devel/community/vendor/zendframework/zend-stratigility/src/Next.php(160): Zend\Stratigility\Dispatch->__invoke(Object(Zend\Stratigility\Route), NULL, Object(Zend\Stratigility\Http\Request), Object(Zend\Stratigility\Http\Response), Object(Zend\Stratigility\Next))
#15 /Volumes/LOCALBRAIN/Projects/Web_Projects_htdocs/neo-platform-devel/community/vendor/flarum/core/src/Http/Middleware/StartSession.php(48): Zend\Stratigility\Next->__invoke(Object(Zend\Stratigility\Http\Request), Object(Zend\Stratigility\Http\Response))
#16 /Volumes/LOCALBRAIN/Projects/Web_Projects_htdocs/neo-platform-devel/community/vendor/zendframework/zend-stratigility/src/Dispatch.php(212): Flarum\Http\Middleware\StartSession->__invoke(Object(Zend\Stratigility\Http\Request), Object(Zend\Stratigility\Http\Response), Object(Zend\Stratigility\Next))
#17 /Volumes/LOCALBRAIN/Projects/Web_Projects_htdocs/neo-platform-devel/community/vendor/zendframework/zend-stratigility/src/Dispatch.php(88): Zend\Stratigility\Dispatch->dispatchCallableMiddleware(Object(Flarum\Http\Middleware\StartSession), Object(Zend\Stratigility\Next), Object(Zend\Stratigility\Http\Request), Object(Zend\Stratigility\Http\Response), NULL)
#18 /Volumes/LOCALBRAIN/Projects/Web_Projects_htdocs/neo-platform-devel/community/vendor/zendframework/zend-stratigility/src/Next.php(160): Zend\Stratigility\Dispatch->__invoke(Object(Zend\Stratigility\Route), NULL, Object(Zend\Stratigility\Http\Request), Object(Zend\Stratigility\Http\Response), Object(Zend\Stratigility\Next))
#19 /Volumes/LOCALBRAIN/Projects/Web_Projects_htdocs/neo-platform-devel/community/vendor/flarum/core/src/Http/Middleware/ParseJsonBody.php(31): Zend\Stratigility\Next->__invoke(Object(Zend\Stratigility\Http\Request), Object(Zend\Stratigility\Http\Response))
#20 /Volumes/LOCALBRAIN/Projects/Web_Projects_htdocs/neo-platform-devel/community/vendor/zendframework/zend-stratigility/src/Dispatch.php(212): Flarum\Http\Middleware\ParseJsonBody->__invoke(Object(Zend\Stratigility\Http\Request), Object(Zend\Stratigility\Http\Response), Object(Zend\Stratigility\Next))
#21 /Volumes/LOCALBRAIN/Projects/Web_Projects_htdocs/neo-platform-devel/community/vendor/zendframework/zend-stratigility/src/Dispatch.php(88): Zend\Stratigility\Dispatch->dispatchCallableMiddleware(Object(Flarum\Http\Middleware\ParseJsonBody), Object(Zend\Stratigility\Next), Object(Zend\Stratigility\Http\Request), Object(Zend\Stratigility\Http\Response), NULL)
#22 /Volumes/LOCALBRAIN/Projects/Web_Projects_htdocs/neo-platform-devel/community/vendor/zendframework/zend-stratigility/src/Next.php(160): Zend\Stratigility\Dispatch->__invoke(Object(Zend\Stratigility\Route), NULL, Object(Zend\Stratigility\Http\Request), Object(Zend\Stratigility\Http\Response), Object(Zend\Stratigility\Next))
#23 /Volumes/LOCALBRAIN/Projects/Web_Projects_htdocs/neo-platform-devel/community/vendor/flarum/core/src/Http/Middleware/HandleErrors.php(61): Zend\Stratigility\Next->__invoke(Object(Zend\Stratigility\Http\Request), Object(Zend\Stratigility\Http\Response))
#24 /Volumes/LOCALBRAIN/Projects/Web_Projects_htdocs/neo-platform-devel/community/vendor/zendframework/zend-stratigility/src/Dispatch.php(212): Flarum\Http\Middleware\HandleErrors->__invoke(Object(Zend\Stratigility\Http\Request), Object(Zend\Stratigility\Http\Response), Object(Zend\Stratigility\Next))
#25 /Volumes/LOCALBRAIN/Projects/Web_Projects_htdocs/neo-platform-devel/community/vendor/zendframework/zend-stratigility/src/Dispatch.php(88): Zend\Stratigility\Dispatch->dispatchCallableMiddleware(Object(Flarum\Http\Middleware\HandleErrors), Object(Zend\Stratigility\Next), Object(Zend\Stratigility\Http\Request), Object(Zend\Stratigility\Http\Response), NULL)
#26 /Volumes/LOCALBRAIN/Projects/Web_Projects_htdocs/neo-platform-devel/community/vendor/zendframework/zend-stratigility/src/Next.php(160): Zend\Stratigility\Dispatch->__invoke(Object(Zend\Stratigility\Route), NULL, Object(Zend\Stratigility\Http\Request), Object(Zend\Stratigility\Http\Response), Object(Zend\Stratigility\Next))
#27 /Volumes/LOCALBRAIN/Projects/Web_Projects_htdocs/neo-platform-devel/community/vendor/zendframework/zend-stratigility/src/MiddlewarePipe.php(111): Zend\Stratigility\Next->__invoke(Object(Zend\Stratigility\Http\Request), Object(Zend\Stratigility\Http\Response))
#28 /Volumes/LOCALBRAIN/Projects/Web_Projects_htdocs/neo-platform-devel/community/vendor/flarum/core/src/Http/AbstractServer.php(55): Zend\Stratigility\MiddlewarePipe->__invoke(Object(Zend\Stratigility\Http\Request), Object(Zend\Stratigility\Http\Response), Object(Zend\Stratigility\NoopFinalHandler))
#29 /Volumes/LOCALBRAIN/Projects/Web_Projects_htdocs/neo-platform-devel/community/vendor/zendframework/zend-diactoros/src/Server.php(157): Flarum\Http\AbstractServer->__invoke(Object(Zend\Diactoros\ServerRequest), Object(Zend\Diactoros\Response), Object(Zend\Stratigility\NoopFinalHandler))
#30 /Volumes/LOCALBRAIN/Projects/Web_Projects_htdocs/neo-platform-devel/community/vendor/flarum/core/src/Http/AbstractServer.php(36): Zend\Diactoros\Server->listen(Object(Zend\Stratigility\NoopFinalHandler))
#31 /Volumes/LOCALBRAIN/Projects/Web_Projects_htdocs/neo-platform-devel/community/index.php(16): Flarum\Http\AbstractServer->listen()
#32 {main}  
[2018-02-22 23:23:50] production.DEBUG: Flarum\Http\Exception\RouteNotFoundException in /Volumes/LOCALBRAIN/Projects/Web_Projects_htdocs/neo-platform-devel/community/vendor/flarum/core/src/Http/Middleware/DispatchRoute.php:62
Stack trace:
#0 /Volumes/LOCALBRAIN/Projects/Web_Projects_htdocs/neo-platform-devel/community/vendor/zendframework/zend-stratigility/src/Dispatch.php(212): Flarum\Http\Middleware\DispatchRoute->__invoke(Object(Zend\Stratigility\Http\Request), Object(Zend\Stratigility\Http\Response), Object(Zend\Stratigility\Next))
#1 /Volumes/LOCALBRAIN/Projects/Web_Projects_htdocs/neo-platform-devel/community/vendor/zendframework/zend-stratigility/src/Dispatch.php(88): Zend\Stratigility\Dispatch->dispatchCallableMiddleware(Object(Flarum\Http\Middleware\DispatchRoute), Object(Zend\Stratigility\Next), Object(Zend\Stratigility\Http\Request), Object(Zend\Stratigility\Http\Response), NULL)
#2 /Volumes/LOCALBRAIN/Projects/Web_Projects_htdocs/neo-platform-devel/community/vendor/zendframework/zend-stratigility/src/Next.php(160): Zend\Stratigility\Dispatch->__invoke(Object(Zend\Stratigility\Route), NULL, Object(Zend\Stratigility\Http\Request), Object(Zend\Stratigility\Http\Response), Object(Zend\Stratigility\Next))
#3 /Volumes/LOCALBRAIN/Projects/Web_Projects_htdocs/neo-platform-devel/community/vendor/flarum/core/src/Http/Middleware/SetLocale.php(51): Zend\Stratigility\Next->__invoke(Object(Zend\Stratigility\Http\Request), Object(Zend\Stratigility\Http\Response))
#4 /Volumes/LOCALBRAIN/Projects/Web_Projects_htdocs/neo-platform-devel/community/vendor/zendframework/zend-stratigility/src/Dispatch.php(212): Flarum\Http\Middleware\SetLocale->__invoke(Object(Zend\Stratigility\Http\Request), Object(Zend\Stratigility\Http\Response), Object(Zend\Stratigility\Next))
#5 /Volumes/LOCALBRAIN/Projects/Web_Projects_htdocs/neo-platform-devel/community/vendor/zendframework/zend-stratigility/src/Dispatch.php(88): Zend\Stratigility\Dispatch->dispatchCallableMiddleware(Object(Flarum\Http\Middleware\SetLocale), Object(Zend\Stratigility\Next), Object(Zend\Stratigility\Http\Request), Object(Zend\Stratigility\Http\Response), NULL)
#6 /Volumes/LOCALBRAIN/Projects/Web_Projects_htdocs/neo-platform-devel/community/vendor/zendframework/zend-stratigility/src/Next.php(160): Zend\Stratigility\Dispatch->__invoke(Object(Zend\Stratigility\Route), NULL, Object(Zend\Stratigility\Http\Request), Object(Zend\Stratigility\Http\Response), Object(Zend\Stratigility\Next))
#7 /Volumes/LOCALBRAIN/Projects/Web_Projects_htdocs/neo-platform-devel/community/vendor/flarum/core/src/Http/Middleware/AuthenticateWithSession.php(36): Zend\Stratigility\Next->__invoke(Object(Zend\Stratigility\Http\Request), Object(Zend\Stratigility\Http\Response))
#8 /Volumes/LOCALBRAIN/Projects/Web_Projects_htdocs/neo-platform-devel/community/vendor/zendframework/zend-stratigility/src/Dispatch.php(212): Flarum\Http\Middleware\AuthenticateWithSession->__invoke(Object(Zend\Stratigility\Http\Request), Object(Zend\Stratigility\Http\Response), Object(Zend\Stratigility\Next))
#9 /Volumes/LOCALBRAIN/Projects/Web_Projects_htdocs/neo-platform-devel/community/vendor/zendframework/zend-stratigility/src/Dispatch.php(88): Zend\Stratigility\Dispatch->dispatchCallableMiddleware(Object(Flarum\Http\Middleware\AuthenticateWithSession), Object(Zend\Stratigility\Next), Object(Zend\Stratigility\Http\Request), Object(Zend\Stratigility\Http\Response), NULL)
#10 /Volumes/LOCALBRAIN/Projects/Web_Projects_htdocs/neo-platform-devel/community/vendor/zendframework/zend-stratigility/src/Next.php(160): Zend\Stratigility\Dispatch->__invoke(Object(Zend\Stratigility\Route), NULL, Object(Zend\Stratigility\Http\Request), Object(Zend\Stratigility\Http\Response), Object(Zend\Stratigility\Next))
#11 /Volumes/LOCALBRAIN/Projects/Web_Projects_htdocs/neo-platform-devel/community/vendor/flarum/core/src/Http/Middleware/RememberFromCookie.php(39): Zend\Stratigility\Next->__invoke(Object(Zend\Stratigility\Http\Request), Object(Zend\Stratigility\Http\Response))
#12 /Volumes/LOCALBRAIN/Projects/Web_Projects_htdocs/neo-platform-devel/community/vendor/zendframework/zend-stratigility/src/Dispatch.php(212): Flarum\Http\Middleware\RememberFromCookie->__invoke(Object(Zend\Stratigility\Http\Request), Object(Zend\Stratigility\Http\Response), Object(Zend\Stratigility\Next))
#13 /Volumes/LOCALBRAIN/Projects/Web_Projects_htdocs/neo-platform-devel/community/vendor/zendframework/zend-stratigility/src/Dispatch.php(88): Zend\Stratigility\Dispatch->dispatchCallableMiddleware(Object(Flarum\Http\Middleware\RememberFromCookie), Object(Zend\Stratigility\Next), Object(Zend\Stratigility\Http\Request), Object(Zend\Stratigility\Http\Response), NULL)
#14 /Volumes/LOCALBRAIN/Projects/Web_Projects_htdocs/neo-platform-devel/community/vendor/zendframework/zend-stratigility/src/Next.php(160): Zend\Stratigility\Dispatch->__invoke(Object(Zend\Stratigility\Route), NULL, Object(Zend\Stratigility\Http\Request), Object(Zend\Stratigility\Http\Response), Object(Zend\Stratigility\Next))
#15 /Volumes/LOCALBRAIN/Projects/Web_Projects_htdocs/neo-platform-devel/community/vendor/flarum/core/src/Http/Middleware/StartSession.php(48): Zend\Stratigility\Next->__invoke(Object(Zend\Stratigility\Http\Request), Object(Zend\Stratigility\Http\Response))
#16 /Volumes/LOCALBRAIN/Projects/Web_Projects_htdocs/neo-platform-devel/community/vendor/zendframework/zend-stratigility/src/Dispatch.php(212): Flarum\Http\Middleware\StartSession->__invoke(Object(Zend\Stratigility\Http\Request), Object(Zend\Stratigility\Http\Response), Object(Zend\Stratigility\Next))
#17 /Volumes/LOCALBRAIN/Projects/Web_Projects_htdocs/neo-platform-devel/community/vendor/zendframework/zend-stratigility/src/Dispatch.php(88): Zend\Stratigility\Dispatch->dispatchCallableMiddleware(Object(Flarum\Http\Middleware\StartSession), Object(Zend\Stratigility\Next), Object(Zend\Stratigility\Http\Request), Object(Zend\Stratigility\Http\Response), NULL)
#18 /Volumes/LOCALBRAIN/Projects/Web_Projects_htdocs/neo-platform-devel/community/vendor/zendframework/zend-stratigility/src/Next.php(160): Zend\Stratigility\Dispatch->__invoke(Object(Zend\Stratigility\Route), NULL, Object(Zend\Stratigility\Http\Request), Object(Zend\Stratigility\Http\Response), Object(Zend\Stratigility\Next))
#19 /Volumes/LOCALBRAIN/Projects/Web_Projects_htdocs/neo-platform-devel/community/vendor/flarum/core/src/Http/Middleware/ParseJsonBody.php(31): Zend\Stratigility\Next->__invoke(Object(Zend\Stratigility\Http\Request), Object(Zend\Stratigility\Http\Response))
#20 /Volumes/LOCALBRAIN/Projects/Web_Projects_htdocs/neo-platform-devel/community/vendor/zendframework/zend-stratigility/src/Dispatch.php(212): Flarum\Http\Middleware\ParseJsonBody->__invoke(Object(Zend\Stratigility\Http\Request), Object(Zend\Stratigility\Http\Response), Object(Zend\Stratigility\Next))
#21 /Volumes/LOCALBRAIN/Projects/Web_Projects_htdocs/neo-platform-devel/community/vendor/zendframework/zend-stratigility/src/Dispatch.php(88): Zend\Stratigility\Dispatch->dispatchCallableMiddleware(Object(Flarum\Http\Middleware\ParseJsonBody), Object(Zend\Stratigility\Next), Object(Zend\Stratigility\Http\Request), Object(Zend\Stratigility\Http\Response), NULL)
#22 /Volumes/LOCALBRAIN/Projects/Web_Projects_htdocs/neo-platform-devel/community/vendor/zendframework/zend-stratigility/src/Next.php(160): Zend\Stratigility\Dispatch->__invoke(Object(Zend\Stratigility\Route), NULL, Object(Zend\Stratigility\Http\Request), Object(Zend\Stratigility\Http\Response), Object(Zend\Stratigility\Next))
#23 /Volumes/LOCALBRAIN/Projects/Web_Projects_htdocs/neo-platform-devel/community/vendor/flarum/core/src/Http/Middleware/HandleErrors.php(61): Zend\Stratigility\Next->__invoke(Object(Zend\Stratigility\Http\Request), Object(Zend\Stratigility\Http\Response))
#24 /Volumes/LOCALBRAIN/Projects/Web_Projects_htdocs/neo-platform-devel/community/vendor/zendframework/zend-stratigility/src/Dispatch.php(212): Flarum\Http\Middleware\HandleErrors->__invoke(Object(Zend\Stratigility\Http\Request), Object(Zend\Stratigility\Http\Response), Object(Zend\Stratigility\Next))
#25 /Volumes/LOCALBRAIN/Projects/Web_Projects_htdocs/neo-platform-devel/community/vendor/zendframework/zend-stratigility/src/Dispatch.php(88): Zend\Stratigility\Dispatch->dispatchCallableMiddleware(Object(Flarum\Http\Middleware\HandleErrors), Object(Zend\Stratigility\Next), Object(Zend\Stratigility\Http\Request), Object(Zend\Stratigility\Http\Response), NULL)
#26 /Volumes/LOCALBRAIN/Projects/Web_Projects_htdocs/neo-platform-devel/community/vendor/zendframework/zend-stratigility/src/Next.php(160): Zend\Stratigility\Dispatch->__invoke(Object(Zend\Stratigility\Route), NULL, Object(Zend\Stratigility\Http\Request), Object(Zend\Stratigility\Http\Response), Object(Zend\Stratigility\Next))
#27 /Volumes/LOCALBRAIN/Projects/Web_Projects_htdocs/neo-platform-devel/community/vendor/zendframework/zend-stratigility/src/MiddlewarePipe.php(111): Zend\Stratigility\Next->__invoke(Object(Zend\Stratigility\Http\Request), Object(Zend\Stratigility\Http\Response))
#28 /Volumes/LOCALBRAIN/Projects/Web_Projects_htdocs/neo-platform-devel/community/vendor/flarum/core/src/Http/AbstractServer.php(55): Zend\Stratigility\MiddlewarePipe->__invoke(Object(Zend\Stratigility\Http\Request), Object(Zend\Stratigility\Http\Response), Object(Zend\Stratigility\NoopFinalHandler))
#29 /Volumes/LOCALBRAIN/Projects/Web_Projects_htdocs/neo-platform-devel/community/vendor/zendframework/zend-diactoros/src/Server.php(157): Flarum\Http\AbstractServer->__invoke(Object(Zend\Diactoros\ServerRequest), Object(Zend\Diactoros\Response), Object(Zend\Stratigility\NoopFinalHandler))
#30 /Volumes/LOCALBRAIN/Projects/Web_Projects_htdocs/neo-platform-devel/community/vendor/flarum/core/src/Http/AbstractServer.php(36): Zend\Diactoros\Server->listen(Object(Zend\Stratigility\NoopFinalHandler))
#31 /Volumes/LOCALBRAIN/Projects/Web_Projects_htdocs/neo-platform-devel/community/index.php(16): Flarum\Http\AbstractServer->listen()
#32 {main}  
[2018-02-22 23:23:52] production.DEBUG: Flarum\Http\Exception\RouteNotFoundException in /Volumes/LOCALBRAIN/Projects/Web_Projects_htdocs/neo-platform-devel/community/vendor/flarum/core/src/Http/Middleware/DispatchRoute.php:62
Stack trace:
#0 /Volumes/LOCALBRAIN/Projects/Web_Projects_htdocs/neo-platform-devel/community/vendor/zendframework/zend-stratigility/src/Dispatch.php(212): Flarum\Http\Middleware\DispatchRoute->__invoke(Object(Zend\Stratigility\Http\Request), Object(Zend\Stratigility\Http\Response), Object(Zend\Stratigility\Next))
#1 /Volumes/LOCALBRAIN/Projects/Web_Projects_htdocs/neo-platform-devel/community/vendor/zendframework/zend-stratigility/src/Dispatch.php(88): Zend\Stratigility\Dispatch->dispatchCallableMiddleware(Object(Flarum\Http\Middleware\DispatchRoute), Object(Zend\Stratigility\Next), Object(Zend\Stratigility\Http\Request), Object(Zend\Stratigility\Http\Response), NULL)
#2 /Volumes/LOCALBRAIN/Projects/Web_Projects_htdocs/neo-platform-devel/community/vendor/zendframework/zend-stratigility/src/Next.php(160): Zend\Stratigility\Dispatch->__invoke(Object(Zend\Stratigility\Route), NULL, Object(Zend\Stratigility\Http\Request), Object(Zend\Stratigility\Http\Response), Object(Zend\Stratigility\Next))
#3 /Volumes/LOCALBRAIN/Projects/Web_Projects_htdocs/neo-platform-devel/community/vendor/flarum/core/src/Http/Middleware/SetLocale.php(51): Zend\Stratigility\Next->__invoke(Object(Zend\Stratigility\Http\Request), Object(Zend\Stratigility\Http\Response))
#4 /Volumes/LOCALBRAIN/Projects/Web_Projects_htdocs/neo-platform-devel/community/vendor/zendframework/zend-stratigility/src/Dispatch.php(212): Flarum\Http\Middleware\SetLocale->__invoke(Object(Zend\Stratigility\Http\Request), Object(Zend\Stratigility\Http\Response), Object(Zend\Stratigility\Next))
#5 /Volumes/LOCALBRAIN/Projects/Web_Projects_htdocs/neo-platform-devel/community/vendor/zendframework/zend-stratigility/src/Dispatch.php(88): Zend\Stratigility\Dispatch->dispatchCallableMiddleware(Object(Flarum\Http\Middleware\SetLocale), Object(Zend\Stratigility\Next), Object(Zend\Stratigility\Http\Request), Object(Zend\Stratigility\Http\Response), NULL)
#6 /Volumes/LOCALBRAIN/Projects/Web_Projects_htdocs/neo-platform-devel/community/vendor/zendframework/zend-stratigility/src/Next.php(160): Zend\Stratigility\Dispatch->__invoke(Object(Zend\Stratigility\Route), NULL, Object(Zend\Stratigility\Http\Request), Object(Zend\Stratigility\Http\Response), Object(Zend\Stratigility\Next))
#7 /Volumes/LOCALBRAIN/Projects/Web_Projects_htdocs/neo-platform-devel/community/vendor/flarum/core/src/Http/Middleware/AuthenticateWithSession.php(36): Zend\Stratigility\Next->__invoke(Object(Zend\Stratigility\Http\Request), Object(Zend\Stratigility\Http\Response))
#8 /Volumes/LOCALBRAIN/Projects/Web_Projects_htdocs/neo-platform-devel/community/vendor/zendframework/zend-stratigility/src/Dispatch.php(212): Flarum\Http\Middleware\AuthenticateWithSession->__invoke(Object(Zend\Stratigility\Http\Request), Object(Zend\Stratigility\Http\Response), Object(Zend\Stratigility\Next))
#9 /Volumes/LOCALBRAIN/Projects/Web_Projects_htdocs/neo-platform-devel/community/vendor/zendframework/zend-stratigility/src/Dispatch.php(88): Zend\Stratigility\Dispatch->dispatchCallableMiddleware(Object(Flarum\Http\Middleware\AuthenticateWithSession), Object(Zend\Stratigility\Next), Object(Zend\Stratigility\Http\Request), Object(Zend\Stratigility\Http\Response), NULL)
#10 /Volumes/LOCALBRAIN/Projects/Web_Projects_htdocs/neo-platform-devel/community/vendor/zendframework/zend-stratigility/src/Next.php(160): Zend\Stratigility\Dispatch->__invoke(Object(Zend\Stratigility\Route), NULL, Object(Zend\Stratigility\Http\Request), Object(Zend\Stratigility\Http\Response), Object(Zend\Stratigility\Next))
#11 /Volumes/LOCALBRAIN/Projects/Web_Projects_htdocs/neo-platform-devel/community/vendor/flarum/core/src/Http/Middleware/RememberFromCookie.php(39): Zend\Stratigility\Next->__invoke(Object(Zend\Stratigility\Http\Request), Object(Zend\Stratigility\Http\Response))
#12 /Volumes/LOCALBRAIN/Projects/Web_Projects_htdocs/neo-platform-devel/community/vendor/zendframework/zend-stratigility/src/Dispatch.php(212): Flarum\Http\Middleware\RememberFromCookie->__invoke(Object(Zend\Stratigility\Http\Request), Object(Zend\Stratigility\Http\Response), Object(Zend\Stratigility\Next))
#13 /Volumes/LOCALBRAIN/Projects/Web_Projects_htdocs/neo-platform-devel/community/vendor/zendframework/zend-stratigility/src/Dispatch.php(88): Zend\Stratigility\Dispatch->dispatchCallableMiddleware(Object(Flarum\Http\Middleware\RememberFromCookie), Object(Zend\Stratigility\Next), Object(Zend\Stratigility\Http\Request), Object(Zend\Stratigility\Http\Response), NULL)
#14 /Volumes/LOCALBRAIN/Projects/Web_Projects_htdocs/neo-platform-devel/community/vendor/zendframework/zend-stratigility/src/Next.php(160): Zend\Stratigility\Dispatch->__invoke(Object(Zend\Stratigility\Route), NULL, Object(Zend\Stratigility\Http\Request), Object(Zend\Stratigility\Http\Response), Object(Zend\Stratigility\Next))
#15 /Volumes/LOCALBRAIN/Projects/Web_Projects_htdocs/neo-platform-devel/community/vendor/flarum/core/src/Http/Middleware/StartSession.php(48): Zend\Stratigility\Next->__invoke(Object(Zend\Stratigility\Http\Request), Object(Zend\Stratigility\Http\Response))
#16 /Volumes/LOCALBRAIN/Projects/Web_Projects_htdocs/neo-platform-devel/community/vendor/zendframework/zend-stratigility/src/Dispatch.php(212): Flarum\Http\Middleware\StartSession->__invoke(Object(Zend\Stratigility\Http\Request), Object(Zend\Stratigility\Http\Response), Object(Zend\Stratigility\Next))
#17 /Volumes/LOCALBRAIN/Projects/Web_Projects_htdocs/neo-platform-devel/community/vendor/zendframework/zend-stratigility/src/Dispatch.php(88): Zend\Stratigility\Dispatch->dispatchCallableMiddleware(Object(Flarum\Http\Middleware\StartSession), Object(Zend\Stratigility\Next), Object(Zend\Stratigility\Http\Request), Object(Zend\Stratigility\Http\Response), NULL)
#18 /Volumes/LOCALBRAIN/Projects/Web_Projects_htdocs/neo-platform-devel/community/vendor/zendframework/zend-stratigility/src/Next.php(160): Zend\Stratigility\Dispatch->__invoke(Object(Zend\Stratigility\Route), NULL, Object(Zend\Stratigility\Http\Request), Object(Zend\Stratigility\Http\Response), Object(Zend\Stratigility\Next))
#19 /Volumes/LOCALBRAIN/Projects/Web_Projects_htdocs/neo-platform-devel/community/vendor/flarum/core/src/Http/Middleware/ParseJsonBody.php(31): Zend\Stratigility\Next->__invoke(Object(Zend\Stratigility\Http\Request), Object(Zend\Stratigility\Http\Response))
#20 /Volumes/LOCALBRAIN/Projects/Web_Projects_htdocs/neo-platform-devel/community/vendor/zendframework/zend-stratigility/src/Dispatch.php(212): Flarum\Http\Middleware\ParseJsonBody->__invoke(Object(Zend\Stratigility\Http\Request), Object(Zend\Stratigility\Http\Response), Object(Zend\Stratigility\Next))
#21 /Volumes/LOCALBRAIN/Projects/Web_Projects_htdocs/neo-platform-devel/community/vendor/zendframework/zend-stratigility/src/Dispatch.php(88): Zend\Stratigility\Dispatch->dispatchCallableMiddleware(Object(Flarum\Http\Middleware\ParseJsonBody), Object(Zend\Stratigility\Next), Object(Zend\Stratigility\Http\Request), Object(Zend\Stratigility\Http\Response), NULL)
#22 /Volumes/LOCALBRAIN/Projects/Web_Projects_htdocs/neo-platform-devel/community/vendor/zendframework/zend-stratigility/src/Next.php(160): Zend\Stratigility\Dispatch->__invoke(Object(Zend\Stratigility\Route), NULL, Object(Zend\Stratigility\Http\Request), Object(Zend\Stratigility\Http\Response), Object(Zend\Stratigility\Next))
#23 /Volumes/LOCALBRAIN/Projects/Web_Projects_htdocs/neo-platform-devel/community/vendor/flarum/core/src/Http/Middleware/HandleErrors.php(61): Zend\Stratigility\Next->__invoke(Object(Zend\Stratigility\Http\Request), Object(Zend\Stratigility\Http\Response))
#24 /Volumes/LOCALBRAIN/Projects/Web_Projects_htdocs/neo-platform-devel/community/vendor/zendframework/zend-stratigility/src/Dispatch.php(212): Flarum\Http\Middleware\HandleErrors->__invoke(Object(Zend\Stratigility\Http\Request), Object(Zend\Stratigility\Http\Response), Object(Zend\Stratigility\Next))
#25 /Volumes/LOCALBRAIN/Projects/Web_Projects_htdocs/neo-platform-devel/community/vendor/zendframework/zend-stratigility/src/Dispatch.php(88): Zend\Stratigility\Dispatch->dispatchCallableMiddleware(Object(Flarum\Http\Middleware\HandleErrors), Object(Zend\Stratigility\Next), Object(Zend\Stratigility\Http\Request), Object(Zend\Stratigility\Http\Response), NULL)
#26 /Volumes/LOCALBRAIN/Projects/Web_Projects_htdocs/neo-platform-devel/community/vendor/zendframework/zend-stratigility/src/Next.php(160): Zend\Stratigility\Dispatch->__invoke(Object(Zend\Stratigility\Route), NULL, Object(Zend\Stratigility\Http\Request), Object(Zend\Stratigility\Http\Response), Object(Zend\Stratigility\Next))
#27 /Volumes/LOCALBRAIN/Projects/Web_Projects_htdocs/neo-platform-devel/community/vendor/zendframework/zend-stratigility/src/MiddlewarePipe.php(111): Zend\Stratigility\Next->__invoke(Object(Zend\Stratigility\Http\Request), Object(Zend\Stratigility\Http\Response))
#28 /Volumes/LOCALBRAIN/Projects/Web_Projects_htdocs/neo-platform-devel/community/vendor/flarum/core/src/Http/AbstractServer.php(55): Zend\Stratigility\MiddlewarePipe->__invoke(Object(Zend\Stratigility\Http\Request), Object(Zend\Stratigility\Http\Response), Object(Zend\Stratigility\NoopFinalHandler))
#29 /Volumes/LOCALBRAIN/Projects/Web_Projects_htdocs/neo-platform-devel/community/vendor/zendframework/zend-diactoros/src/Server.php(157): Flarum\Http\AbstractServer->__invoke(Object(Zend\Diactoros\ServerRequest), Object(Zend\Diactoros\Response), Object(Zend\Stratigility\NoopFinalHandler))
#30 /Volumes/LOCALBRAIN/Projects/Web_Projects_htdocs/neo-platform-devel/community/vendor/flarum/core/src/Http/AbstractServer.php(36): Zend\Diactoros\Server->listen(Object(Zend\Stratigility\NoopFinalHandler))
#31 /Volumes/LOCALBRAIN/Projects/Web_Projects_htdocs/neo-platform-devel/community/index.php(16): Flarum\Http\AbstractServer->listen()
#32 {main}  
[2018-02-22 23:24:00] production.DEBUG: Flarum\Http\Exception\TokenMismatchException in /Volumes/LOCALBRAIN/Projects/Web_Projects_htdocs/neo-platform-devel/community/vendor/flarum/core/src/Forum/Controller/LogOutController.php:73
Stack trace:
#0 /Volumes/LOCALBRAIN/Projects/Web_Projects_htdocs/neo-platform-devel/community/vendor/flarum/core/src/Http/Handler/ControllerRouteHandler.php(53): Flarum\Forum\Controller\LogOutController->handle(Object(Zend\Stratigility\Http\Request))
#1 /Volumes/LOCALBRAIN/Projects/Web_Projects_htdocs/neo-platform-devel/community/vendor/flarum/core/src/Http/Middleware/DispatchRoute.php(69): Flarum\Http\Handler\ControllerRouteHandler->__invoke(Object(Zend\Stratigility\Http\Request), Array)
#2 /Volumes/LOCALBRAIN/Projects/Web_Projects_htdocs/neo-platform-devel/community/vendor/zendframework/zend-stratigility/src/Dispatch.php(212): Flarum\Http\Middleware\DispatchRoute->__invoke(Object(Zend\Stratigility\Http\Request), Object(Zend\Stratigility\Http\Response), Object(Zend\Stratigility\Next))
#3 /Volumes/LOCALBRAIN/Projects/Web_Projects_htdocs/neo-platform-devel/community/vendor/zendframework/zend-stratigility/src/Dispatch.php(88): Zend\Stratigility\Dispatch->dispatchCallableMiddleware(Object(Flarum\Http\Middleware\DispatchRoute), Object(Zend\Stratigility\Next), Object(Zend\Stratigility\Http\Request), Object(Zend\Stratigility\Http\Response), NULL)
#4 /Volumes/LOCALBRAIN/Projects/Web_Projects_htdocs/neo-platform-devel/community/vendor/zendframework/zend-stratigility/src/Next.php(160): Zend\Stratigility\Dispatch->__invoke(Object(Zend\Stratigility\Route), NULL, Object(Zend\Stratigility\Http\Request), Object(Zend\Stratigility\Http\Response), Object(Zend\Stratigility\Next))
#5 /Volumes/LOCALBRAIN/Projects/Web_Projects_htdocs/neo-platform-devel/community/vendor/flarum/core/src/Http/Middleware/SetLocale.php(51): Zend\Stratigility\Next->__invoke(Object(Zend\Stratigility\Http\Request), Object(Zend\Stratigility\Http\Response))
#6 /Volumes/LOCALBRAIN/Projects/Web_Projects_htdocs/neo-platform-devel/community/vendor/zendframework/zend-stratigility/src/Dispatch.php(212): Flarum\Http\Middleware\SetLocale->__invoke(Object(Zend\Stratigility\Http\Request), Object(Zend\Stratigility\Http\Response), Object(Zend\Stratigility\Next))
#7 /Volumes/LOCALBRAIN/Projects/Web_Projects_htdocs/neo-platform-devel/community/vendor/zendframework/zend-stratigility/src/Dispatch.php(88): Zend\Stratigility\Dispatch->dispatchCallableMiddleware(Object(Flarum\Http\Middleware\SetLocale), Object(Zend\Stratigility\Next), Object(Zend\Stratigility\Http\Request), Object(Zend\Stratigility\Http\Response), NULL)
#8 /Volumes/LOCALBRAIN/Projects/Web_Projects_htdocs/neo-platform-devel/community/vendor/zendframework/zend-stratigility/src/Next.php(160): Zend\Stratigility\Dispatch->__invoke(Object(Zend\Stratigility\Route), NULL, Object(Zend\Stratigility\Http\Request), Object(Zend\Stratigility\Http\Response), Object(Zend\Stratigility\Next))
#9 /Volumes/LOCALBRAIN/Projects/Web_Projects_htdocs/neo-platform-devel/community/vendor/flarum/core/src/Http/Middleware/AuthenticateWithSession.php(36): Zend\Stratigility\Next->__invoke(Object(Zend\Stratigility\Http\Request), Object(Zend\Stratigility\Http\Response))
#10 /Volumes/LOCALBRAIN/Projects/Web_Projects_htdocs/neo-platform-devel/community/vendor/zendframework/zend-stratigility/src/Dispatch.php(212): Flarum\Http\Middleware\AuthenticateWithSession->__invoke(Object(Zend\Stratigility\Http\Request), Object(Zend\Stratigility\Http\Response), Object(Zend\Stratigility\Next))
#11 /Volumes/LOCALBRAIN/Projects/Web_Projects_htdocs/neo-platform-devel/community/vendor/zendframework/zend-stratigility/src/Dispatch.php(88): Zend\Stratigility\Dispatch->dispatchCallableMiddleware(Object(Flarum\Http\Middleware\AuthenticateWithSession), Object(Zend\Stratigility\Next), Object(Zend\Stratigility\Http\Request), Object(Zend\Stratigility\Http\Response), NULL)
#12 /Volumes/LOCALBRAIN/Projects/Web_Projects_htdocs/neo-platform-devel/community/vendor/zendframework/zend-stratigility/src/Next.php(160): Zend\Stratigility\Dispatch->__invoke(Object(Zend\Stratigility\Route), NULL, Object(Zend\Stratigility\Http\Request), Object(Zend\Stratigility\Http\Response), Object(Zend\Stratigility\Next))
#13 /Volumes/LOCALBRAIN/Projects/Web_Projects_htdocs/neo-platform-devel/community/vendor/flarum/core/src/Http/Middleware/RememberFromCookie.php(39): Zend\Stratigility\Next->__invoke(Object(Zend\Stratigility\Http\Request), Object(Zend\Stratigility\Http\Response))
#14 /Volumes/LOCALBRAIN/Projects/Web_Projects_htdocs/neo-platform-devel/community/vendor/zendframework/zend-stratigility/src/Dispatch.php(212): Flarum\Http\Middleware\RememberFromCookie->__invoke(Object(Zend\Stratigility\Http\Request), Object(Zend\Stratigility\Http\Response), Object(Zend\Stratigility\Next))
#15 /Volumes/LOCALBRAIN/Projects/Web_Projects_htdocs/neo-platform-devel/community/vendor/zendframework/zend-stratigility/src/Dispatch.php(88): Zend\Stratigility\Dispatch->dispatchCallableMiddleware(Object(Flarum\Http\Middleware\RememberFromCookie), Object(Zend\Stratigility\Next), Object(Zend\Stratigility\Http\Request), Object(Zend\Stratigility\Http\Response), NULL)
#16 /Volumes/LOCALBRAIN/Projects/Web_Projects_htdocs/neo-platform-devel/community/vendor/zendframework/zend-stratigility/src/Next.php(160): Zend\Stratigility\Dispatch->__invoke(Object(Zend\Stratigility\Route), NULL, Object(Zend\Stratigility\Http\Request), Object(Zend\Stratigility\Http\Response), Object(Zend\Stratigility\Next))
#17 /Volumes/LOCALBRAIN/Projects/Web_Projects_htdocs/neo-platform-devel/community/vendor/flarum/core/src/Http/Middleware/StartSession.php(48): Zend\Stratigility\Next->__invoke(Object(Zend\Stratigility\Http\Request), Object(Zend\Stratigility\Http\Response))
#18 /Volumes/LOCALBRAIN/Projects/Web_Projects_htdocs/neo-platform-devel/community/vendor/zendframework/zend-stratigility/src/Dispatch.php(212): Flarum\Http\Middleware\StartSession->__invoke(Object(Zend\Stratigility\Http\Request), Object(Zend\Stratigility\Http\Response), Object(Zend\Stratigility\Next))
#19 /Volumes/LOCALBRAIN/Projects/Web_Projects_htdocs/neo-platform-devel/community/vendor/zendframework/zend-stratigility/src/Dispatch.php(88): Zend\Stratigility\Dispatch->dispatchCallableMiddleware(Object(Flarum\Http\Middleware\StartSession), Object(Zend\Stratigility\Next), Object(Zend\Stratigility\Http\Request), Object(Zend\Stratigility\Http\Response), NULL)
#20 /Volumes/LOCALBRAIN/Projects/Web_Projects_htdocs/neo-platform-devel/community/vendor/zendframework/zend-stratigility/src/Next.php(160): Zend\Stratigility\Dispatch->__invoke(Object(Zend\Stratigility\Route), NULL, Object(Zend\Stratigility\Http\Request), Object(Zend\Stratigility\Http\Response), Object(Zend\Stratigility\Next))
#21 /Volumes/LOCALBRAIN/Projects/Web_Projects_htdocs/neo-platform-devel/community/vendor/flarum/core/src/Http/Middleware/ParseJsonBody.php(31): Zend\Stratigility\Next->__invoke(Object(Zend\Stratigility\Http\Request), Object(Zend\Stratigility\Http\Response))
#22 /Volumes/LOCALBRAIN/Projects/Web_Projects_htdocs/neo-platform-devel/community/vendor/zendframework/zend-stratigility/src/Dispatch.php(212): Flarum\Http\Middleware\ParseJsonBody->__invoke(Object(Zend\Stratigility\Http\Request), Object(Zend\Stratigility\Http\Response), Object(Zend\Stratigility\Next))
#23 /Volumes/LOCALBRAIN/Projects/Web_Projects_htdocs/neo-platform-devel/community/vendor/zendframework/zend-stratigility/src/Dispatch.php(88): Zend\Stratigility\Dispatch->dispatchCallableMiddleware(Object(Flarum\Http\Middleware\ParseJsonBody), Object(Zend\Stratigility\Next), Object(Zend\Stratigility\Http\Request), Object(Zend\Stratigility\Http\Response), NULL)
#24 /Volumes/LOCALBRAIN/Projects/Web_Projects_htdocs/neo-platform-devel/community/vendor/zendframework/zend-stratigility/src/Next.php(160): Zend\Stratigility\Dispatch->__invoke(Object(Zend\Stratigility\Route), NULL, Object(Zend\Stratigility\Http\Request), Object(Zend\Stratigility\Http\Response), Object(Zend\Stratigility\Next))
#25 /Volumes/LOCALBRAIN/Projects/Web_Projects_htdocs/neo-platform-devel/community/vendor/flarum/core/src/Http/Middleware/HandleErrors.php(61): Zend\Stratigility\Next->__invoke(Object(Zend\Stratigility\Http\Request), Object(Zend\Stratigility\Http\Response))
#26 /Volumes/LOCALBRAIN/Projects/Web_Projects_htdocs/neo-platform-devel/community/vendor/zendframework/zend-stratigility/src/Dispatch.php(212): Flarum\Http\Middleware\HandleErrors->__invoke(Object(Zend\Stratigility\Http\Request), Object(Zend\Stratigility\Http\Response), Object(Zend\Stratigility\Next))
#27 /Volumes/LOCALBRAIN/Projects/Web_Projects_htdocs/neo-platform-devel/community/vendor/zendframework/zend-stratigility/src/Dispatch.php(88): Zend\Stratigility\Dispatch->dispatchCallableMiddleware(Object(Flarum\Http\Middleware\HandleErrors), Object(Zend\Stratigility\Next), Object(Zend\Stratigility\Http\Request), Object(Zend\Stratigility\Http\Response), NULL)
#28 /Volumes/LOCALBRAIN/Projects/Web_Projects_htdocs/neo-platform-devel/community/vendor/zendframework/zend-stratigility/src/Next.php(160): Zend\Stratigility\Dispatch->__invoke(Object(Zend\Stratigility\Route), NULL, Object(Zend\Stratigility\Http\Request), Object(Zend\Stratigility\Http\Response), Object(Zend\Stratigility\Next))
#29 /Volumes/LOCALBRAIN/Projects/Web_Projects_htdocs/neo-platform-devel/community/vendor/zendframework/zend-stratigility/src/MiddlewarePipe.php(111): Zend\Stratigility\Next->__invoke(Object(Zend\Stratigility\Http\Request), Object(Zend\Stratigility\Http\Response))
#30 /Volumes/LOCALBRAIN/Projects/Web_Projects_htdocs/neo-platform-devel/community/vendor/flarum/core/src/Http/AbstractServer.php(55): Zend\Stratigility\MiddlewarePipe->__invoke(Object(Zend\Stratigility\Http\Request), Object(Zend\Stratigility\Http\Response), Object(Zend\Stratigility\NoopFinalHandler))
#31 /Volumes/LOCALBRAIN/Projects/Web_Projects_htdocs/neo-platform-devel/community/vendor/zendframework/zend-diactoros/src/Server.php(157): Flarum\Http\AbstractServer->__invoke(Object(Zend\Diactoros\ServerRequest), Object(Zend\Diactoros\Response), Object(Zend\Stratigility\NoopFinalHandler))
#32 /Volumes/LOCALBRAIN/Projects/Web_Projects_htdocs/neo-platform-devel/community/vendor/flarum/core/src/Http/AbstractServer.php(36): Zend\Diactoros\Server->listen(Object(Zend\Stratigility\NoopFinalHandler))
#33 /Volumes/LOCALBRAIN/Projects/Web_Projects_htdocs/neo-platform-devel/community/index.php(16): Flarum\Http\AbstractServer->listen()
#34 {main}  
[2018-02-22 23:24:07] production.DEBUG: Flarum\Http\Exception\TokenMismatchException in /Volumes/LOCALBRAIN/Projects/Web_Projects_htdocs/neo-platform-devel/community/vendor/flarum/core/src/Forum/Controller/LogOutController.php:73
Stack trace:
#0 /Volumes/LOCALBRAIN/Projects/Web_Projects_htdocs/neo-platform-devel/community/vendor/flarum/core/src/Http/Handler/ControllerRouteHandler.php(53): Flarum\Forum\Controller\LogOutController->handle(Object(Zend\Stratigility\Http\Request))
#1 /Volumes/LOCALBRAIN/Projects/Web_Projects_htdocs/neo-platform-devel/community/vendor/flarum/core/src/Http/Middleware/DispatchRoute.php(69): Flarum\Http\Handler\ControllerRouteHandler->__invoke(Object(Zend\Stratigility\Http\Request), Array)
#2 /Volumes/LOCALBRAIN/Projects/Web_Projects_htdocs/neo-platform-devel/community/vendor/zendframework/zend-stratigility/src/Dispatch.php(212): Flarum\Http\Middleware\DispatchRoute->__invoke(Object(Zend\Stratigility\Http\Request), Object(Zend\Stratigility\Http\Response), Object(Zend\Stratigility\Next))
#3 /Volumes/LOCALBRAIN/Projects/Web_Projects_htdocs/neo-platform-devel/community/vendor/zendframework/zend-stratigility/src/Dispatch.php(88): Zend\Stratigility\Dispatch->dispatchCallableMiddleware(Object(Flarum\Http\Middleware\DispatchRoute), Object(Zend\Stratigility\Next), Object(Zend\Stratigility\Http\Request), Object(Zend\Stratigility\Http\Response), NULL)
#4 /Volumes/LOCALBRAIN/Projects/Web_Projects_htdocs/neo-platform-devel/community/vendor/zendframework/zend-stratigility/src/Next.php(160): Zend\Stratigility\Dispatch->__invoke(Object(Zend\Stratigility\Route), NULL, Object(Zend\Stratigility\Http\Request), Object(Zend\Stratigility\Http\Response), Object(Zend\Stratigility\Next))
#5 /Volumes/LOCALBRAIN/Projects/Web_Projects_htdocs/neo-platform-devel/community/vendor/flarum/core/src/Http/Middleware/SetLocale.php(51): Zend\Stratigility\Next->__invoke(Object(Zend\Stratigility\Http\Request), Object(Zend\Stratigility\Http\Response))
#6 /Volumes/LOCALBRAIN/Projects/Web_Projects_htdocs/neo-platform-devel/community/vendor/zendframework/zend-stratigility/src/Dispatch.php(212): Flarum\Http\Middleware\SetLocale->__invoke(Object(Zend\Stratigility\Http\Request), Object(Zend\Stratigility\Http\Response), Object(Zend\Stratigility\Next))
#7 /Volumes/LOCALBRAIN/Projects/Web_Projects_htdocs/neo-platform-devel/community/vendor/zendframework/zend-stratigility/src/Dispatch.php(88): Zend\Stratigility\Dispatch->dispatchCallableMiddleware(Object(Flarum\Http\Middleware\SetLocale), Object(Zend\Stratigility\Next), Object(Zend\Stratigility\Http\Request), Object(Zend\Stratigility\Http\Response), NULL)
#8 /Volumes/LOCALBRAIN/Projects/Web_Projects_htdocs/neo-platform-devel/community/vendor/zendframework/zend-stratigility/src/Next.php(160): Zend\Stratigility\Dispatch->__invoke(Object(Zend\Stratigility\Route), NULL, Object(Zend\Stratigility\Http\Request), Object(Zend\Stratigility\Http\Response), Object(Zend\Stratigility\Next))
#9 /Volumes/LOCALBRAIN/Projects/Web_Projects_htdocs/neo-platform-devel/community/vendor/flarum/core/src/Http/Middleware/AuthenticateWithSession.php(36): Zend\Stratigility\Next->__invoke(Object(Zend\Stratigility\Http\Request), Object(Zend\Stratigility\Http\Response))
#10 /Volumes/LOCALBRAIN/Projects/Web_Projects_htdocs/neo-platform-devel/community/vendor/zendframework/zend-stratigility/src/Dispatch.php(212): Flarum\Http\Middleware\AuthenticateWithSession->__invoke(Object(Zend\Stratigility\Http\Request), Object(Zend\Stratigility\Http\Response), Object(Zend\Stratigility\Next))
#11 /Volumes/LOCALBRAIN/Projects/Web_Projects_htdocs/neo-platform-devel/community/vendor/zendframework/zend-stratigility/src/Dispatch.php(88): Zend\Stratigility\Dispatch->dispatchCallableMiddleware(Object(Flarum\Http\Middleware\AuthenticateWithSession), Object(Zend\Stratigility\Next), Object(Zend\Stratigility\Http\Request), Object(Zend\Stratigility\Http\Response), NULL)
#12 /Volumes/LOCALBRAIN/Projects/Web_Projects_htdocs/neo-platform-devel/community/vendor/zendframework/zend-stratigility/src/Next.php(160): Zend\Stratigility\Dispatch->__invoke(Object(Zend\Stratigility\Route), NULL, Object(Zend\Stratigility\Http\Request), Object(Zend\Stratigility\Http\Response), Object(Zend\Stratigility\Next))
#13 /Volumes/LOCALBRAIN/Projects/Web_Projects_htdocs/neo-platform-devel/community/vendor/flarum/core/src/Http/Middleware/RememberFromCookie.php(39): Zend\Stratigility\Next->__invoke(Object(Zend\Stratigility\Http\Request), Object(Zend\Stratigility\Http\Response))
#14 /Volumes/LOCALBRAIN/Projects/Web_Projects_htdocs/neo-platform-devel/community/vendor/zendframework/zend-stratigility/src/Dispatch.php(212): Flarum\Http\Middleware\RememberFromCookie->__invoke(Object(Zend\Stratigility\Http\Request), Object(Zend\Stratigility\Http\Response), Object(Zend\Stratigility\Next))
#15 /Volumes/LOCALBRAIN/Projects/Web_Projects_htdocs/neo-platform-devel/community/vendor/zendframework/zend-stratigility/src/Dispatch.php(88): Zend\Stratigility\Dispatch->dispatchCallableMiddleware(Object(Flarum\Http\Middleware\RememberFromCookie), Object(Zend\Stratigility\Next), Object(Zend\Stratigility\Http\Request), Object(Zend\Stratigility\Http\Response), NULL)
#16 /Volumes/LOCALBRAIN/Projects/Web_Projects_htdocs/neo-platform-devel/community/vendor/zendframework/zend-stratigility/src/Next.php(160): Zend\Stratigility\Dispatch->__invoke(Object(Zend\Stratigility\Route), NULL, Object(Zend\Stratigility\Http\Request), Object(Zend\Stratigility\Http\Response), Object(Zend\Stratigility\Next))
#17 /Volumes/LOCALBRAIN/Projects/Web_Projects_htdocs/neo-platform-devel/community/vendor/flarum/core/src/Http/Middleware/StartSession.php(48): Zend\Stratigility\Next->__invoke(Object(Zend\Stratigility\Http\Request), Object(Zend\Stratigility\Http\Response))
#18 /Volumes/LOCALBRAIN/Projects/Web_Projects_htdocs/neo-platform-devel/community/vendor/zendframework/zend-stratigility/src/Dispatch.php(212): Flarum\Http\Middleware\StartSession->__invoke(Object(Zend\Stratigility\Http\Request), Object(Zend\Stratigility\Http\Response), Object(Zend\Stratigility\Next))
#19 /Volumes/LOCALBRAIN/Projects/Web_Projects_htdocs/neo-platform-devel/community/vendor/zendframework/zend-stratigility/src/Dispatch.php(88): Zend\Stratigility\Dispatch->dispatchCallableMiddleware(Object(Flarum\Http\Middleware\StartSession), Object(Zend\Stratigility\Next), Object(Zend\Stratigility\Http\Request), Object(Zend\Stratigility\Http\Response), NULL)
#20 /Volumes/LOCALBRAIN/Projects/Web_Projects_htdocs/neo-platform-devel/community/vendor/zendframework/zend-stratigility/src/Next.php(160): Zend\Stratigility\Dispatch->__invoke(Object(Zend\Stratigility\Route), NULL, Object(Zend\Stratigility\Http\Request), Object(Zend\Stratigility\Http\Response), Object(Zend\Stratigility\Next))
#21 /Volumes/LOCALBRAIN/Projects/Web_Projects_htdocs/neo-platform-devel/community/vendor/flarum/core/src/Http/Middleware/ParseJsonBody.php(31): Zend\Stratigility\Next->__invoke(Object(Zend\Stratigility\Http\Request), Object(Zend\Stratigility\Http\Response))
#22 /Volumes/LOCALBRAIN/Projects/Web_Projects_htdocs/neo-platform-devel/community/vendor/zendframework/zend-stratigility/src/Dispatch.php(212): Flarum\Http\Middleware\ParseJsonBody->__invoke(Object(Zend\Stratigility\Http\Request), Object(Zend\Stratigility\Http\Response), Object(Zend\Stratigility\Next))
#23 /Volumes/LOCALBRAIN/Projects/Web_Projects_htdocs/neo-platform-devel/community/vendor/zendframework/zend-stratigility/src/Dispatch.php(88): Zend\Stratigility\Dispatch->dispatchCallableMiddleware(Object(Flarum\Http\Middleware\ParseJsonBody), Object(Zend\Stratigility\Next), Object(Zend\Stratigility\Http\Request), Object(Zend\Stratigility\Http\Response), NULL)
#24 /Volumes/LOCALBRAIN/Projects/Web_Projects_htdocs/neo-platform-devel/community/vendor/zendframework/zend-stratigility/src/Next.php(160): Zend\Stratigility\Dispatch->__invoke(Object(Zend\Stratigility\Route), NULL, Object(Zend\Stratigility\Http\Request), Object(Zend\Stratigility\Http\Response), Object(Zend\Stratigility\Next))
#25 /Volumes/LOCALBRAIN/Projects/Web_Projects_htdocs/neo-platform-devel/community/vendor/flarum/core/src/Http/Middleware/HandleErrors.php(61): Zend\Stratigility\Next->__invoke(Object(Zend\Stratigility\Http\Request), Object(Zend\Stratigility\Http\Response))
#26 /Volumes/LOCALBRAIN/Projects/Web_Projects_htdocs/neo-platform-devel/community/vendor/zendframework/zend-stratigility/src/Dispatch.php(212): Flarum\Http\Middleware\HandleErrors->__invoke(Object(Zend\Stratigility\Http\Request), Object(Zend\Stratigility\Http\Response), Object(Zend\Stratigility\Next))
#27 /Volumes/LOCALBRAIN/Projects/Web_Projects_htdocs/neo-platform-devel/community/vendor/zendframework/zend-stratigility/src/Dispatch.php(88): Zend\Stratigility\Dispatch->dispatchCallableMiddleware(Object(Flarum\Http\Middleware\HandleErrors), Object(Zend\Stratigility\Next), Object(Zend\Stratigility\Http\Request), Object(Zend\Stratigility\Http\Response), NULL)
#28 /Volumes/LOCALBRAIN/Projects/Web_Projects_htdocs/neo-platform-devel/community/vendor/zendframework/zend-stratigility/src/Next.php(160): Zend\Stratigility\Dispatch->__invoke(Object(Zend\Stratigility\Route), NULL, Object(Zend\Stratigility\Http\Request), Object(Zend\Stratigility\Http\Response), Object(Zend\Stratigility\Next))
#29 /Volumes/LOCALBRAIN/Projects/Web_Projects_htdocs/neo-platform-devel/community/vendor/zendframework/zend-stratigility/src/MiddlewarePipe.php(111): Zend\Stratigility\Next->__invoke(Object(Zend\Stratigility\Http\Request), Object(Zend\Stratigility\Http\Response))
#30 /Volumes/LOCALBRAIN/Projects/Web_Projects_htdocs/neo-platform-devel/community/vendor/flarum/core/src/Http/AbstractServer.php(55): Zend\Stratigility\MiddlewarePipe->__invoke(Object(Zend\Stratigility\Http\Request), Object(Zend\Stratigility\Http\Response), Object(Zend\Stratigility\NoopFinalHandler))
#31 /Volumes/LOCALBRAIN/Projects/Web_Projects_htdocs/neo-platform-devel/community/vendor/zendframework/zend-diactoros/src/Server.php(157): Flarum\Http\AbstractServer->__invoke(Object(Zend\Diactoros\ServerRequest), Object(Zend\Diactoros\Response), Object(Zend\Stratigility\NoopFinalHandler))
#32 /Volumes/LOCALBRAIN/Projects/Web_Projects_htdocs/neo-platform-devel/community/vendor/flarum/core/src/Http/AbstractServer.php(36): Zend\Diactoros\Server->listen(Object(Zend\Stratigility\NoopFinalHandler))
#33 /Volumes/LOCALBRAIN/Projects/Web_Projects_htdocs/neo-platform-devel/community/index.php(16): Flarum\Http\AbstractServer->listen()
#34 {main}  
[2018-02-23 00:44:06] production.DEBUG: Flarum\Http\Exception\TokenMismatchException in /Volumes/LOCALBRAIN/Projects/Web_Projects_htdocs/neo-platform-devel/community/vendor/flarum/core/src/Forum/Controller/LogOutController.php:73
Stack trace:
#0 /Volumes/LOCALBRAIN/Projects/Web_Projects_htdocs/neo-platform-devel/community/vendor/flarum/core/src/Http/Handler/ControllerRouteHandler.php(53): Flarum\Forum\Controller\LogOutController->handle(Object(Zend\Stratigility\Http\Request))
#1 /Volumes/LOCALBRAIN/Projects/Web_Projects_htdocs/neo-platform-devel/community/vendor/flarum/core/src/Http/Middleware/DispatchRoute.php(69): Flarum\Http\Handler\ControllerRouteHandler->__invoke(Object(Zend\Stratigility\Http\Request), Array)
#2 /Volumes/LOCALBRAIN/Projects/Web_Projects_htdocs/neo-platform-devel/community/vendor/zendframework/zend-stratigility/src/Dispatch.php(212): Flarum\Http\Middleware\DispatchRoute->__invoke(Object(Zend\Stratigility\Http\Request), Object(Zend\Stratigility\Http\Response), Object(Zend\Stratigility\Next))
#3 /Volumes/LOCALBRAIN/Projects/Web_Projects_htdocs/neo-platform-devel/community/vendor/zendframework/zend-stratigility/src/Dispatch.php(88): Zend\Stratigility\Dispatch->dispatchCallableMiddleware(Object(Flarum\Http\Middleware\DispatchRoute), Object(Zend\Stratigility\Next), Object(Zend\Stratigility\Http\Request), Object(Zend\Stratigility\Http\Response), NULL)
#4 /Volumes/LOCALBRAIN/Projects/Web_Projects_htdocs/neo-platform-devel/community/vendor/zendframework/zend-stratigility/src/Next.php(160): Zend\Stratigility\Dispatch->__invoke(Object(Zend\Stratigility\Route), NULL, Object(Zend\Stratigility\Http\Request), Object(Zend\Stratigility\Http\Response), Object(Zend\Stratigility\Next))
#5 /Volumes/LOCALBRAIN/Projects/Web_Projects_htdocs/neo-platform-devel/community/vendor/flarum/core/src/Http/Middleware/SetLocale.php(51): Zend\Stratigility\Next->__invoke(Object(Zend\Stratigility\Http\Request), Object(Zend\Stratigility\Http\Response))
#6 /Volumes/LOCALBRAIN/Projects/Web_Projects_htdocs/neo-platform-devel/community/vendor/zendframework/zend-stratigility/src/Dispatch.php(212): Flarum\Http\Middleware\SetLocale->__invoke(Object(Zend\Stratigility\Http\Request), Object(Zend\Stratigility\Http\Response), Object(Zend\Stratigility\Next))
#7 /Volumes/LOCALBRAIN/Projects/Web_Projects_htdocs/neo-platform-devel/community/vendor/zendframework/zend-stratigility/src/Dispatch.php(88): Zend\Stratigility\Dispatch->dispatchCallableMiddleware(Object(Flarum\Http\Middleware\SetLocale), Object(Zend\Stratigility\Next), Object(Zend\Stratigility\Http\Request), Object(Zend\Stratigility\Http\Response), NULL)
#8 /Volumes/LOCALBRAIN/Projects/Web_Projects_htdocs/neo-platform-devel/community/vendor/zendframework/zend-stratigility/src/Next.php(160): Zend\Stratigility\Dispatch->__invoke(Object(Zend\Stratigility\Route), NULL, Object(Zend\Stratigility\Http\Request), Object(Zend\Stratigility\Http\Response), Object(Zend\Stratigility\Next))
#9 /Volumes/LOCALBRAIN/Projects/Web_Projects_htdocs/neo-platform-devel/community/vendor/flarum/core/src/Http/Middleware/AuthenticateWithSession.php(36): Zend\Stratigility\Next->__invoke(Object(Zend\Stratigility\Http\Request), Object(Zend\Stratigility\Http\Response))
#10 /Volumes/LOCALBRAIN/Projects/Web_Projects_htdocs/neo-platform-devel/community/vendor/zendframework/zend-stratigility/src/Dispatch.php(212): Flarum\Http\Middleware\AuthenticateWithSession->__invoke(Object(Zend\Stratigility\Http\Request), Object(Zend\Stratigility\Http\Response), Object(Zend\Stratigility\Next))
#11 /Volumes/LOCALBRAIN/Projects/Web_Projects_htdocs/neo-platform-devel/community/vendor/zendframework/zend-stratigility/src/Dispatch.php(88): Zend\Stratigility\Dispatch->dispatchCallableMiddleware(Object(Flarum\Http\Middleware\AuthenticateWithSession), Object(Zend\Stratigility\Next), Object(Zend\Stratigility\Http\Request), Object(Zend\Stratigility\Http\Response), NULL)
#12 /Volumes/LOCALBRAIN/Projects/Web_Projects_htdocs/neo-platform-devel/community/vendor/zendframework/zend-stratigility/src/Next.php(160): Zend\Stratigility\Dispatch->__invoke(Object(Zend\Stratigility\Route), NULL, Object(Zend\Stratigility\Http\Request), Object(Zend\Stratigility\Http\Response), Object(Zend\Stratigility\Next))
#13 /Volumes/LOCALBRAIN/Projects/Web_Projects_htdocs/neo-platform-devel/community/vendor/flarum/core/src/Http/Middleware/RememberFromCookie.php(39): Zend\Stratigility\Next->__invoke(Object(Zend\Stratigility\Http\Request), Object(Zend\Stratigility\Http\Response))
#14 /Volumes/LOCALBRAIN/Projects/Web_Projects_htdocs/neo-platform-devel/community/vendor/zendframework/zend-stratigility/src/Dispatch.php(212): Flarum\Http\Middleware\RememberFromCookie->__invoke(Object(Zend\Stratigility\Http\Request), Object(Zend\Stratigility\Http\Response), Object(Zend\Stratigility\Next))
#15 /Volumes/LOCALBRAIN/Projects/Web_Projects_htdocs/neo-platform-devel/community/vendor/zendframework/zend-stratigility/src/Dispatch.php(88): Zend\Stratigility\Dispatch->dispatchCallableMiddleware(Object(Flarum\Http\Middleware\RememberFromCookie), Object(Zend\Stratigility\Next), Object(Zend\Stratigility\Http\Request), Object(Zend\Stratigility\Http\Response), NULL)
#16 /Volumes/LOCALBRAIN/Projects/Web_Projects_htdocs/neo-platform-devel/community/vendor/zendframework/zend-stratigility/src/Next.php(160): Zend\Stratigility\Dispatch->__invoke(Object(Zend\Stratigility\Route), NULL, Object(Zend\Stratigility\Http\Request), Object(Zend\Stratigility\Http\Response), Object(Zend\Stratigility\Next))
#17 /Volumes/LOCALBRAIN/Projects/Web_Projects_htdocs/neo-platform-devel/community/vendor/flarum/core/src/Http/Middleware/StartSession.php(48): Zend\Stratigility\Next->__invoke(Object(Zend\Stratigility\Http\Request), Object(Zend\Stratigility\Http\Response))
#18 /Volumes/LOCALBRAIN/Projects/Web_Projects_htdocs/neo-platform-devel/community/vendor/zendframework/zend-stratigility/src/Dispatch.php(212): Flarum\Http\Middleware\StartSession->__invoke(Object(Zend\Stratigility\Http\Request), Object(Zend\Stratigility\Http\Response), Object(Zend\Stratigility\Next))
#19 /Volumes/LOCALBRAIN/Projects/Web_Projects_htdocs/neo-platform-devel/community/vendor/zendframework/zend-stratigility/src/Dispatch.php(88): Zend\Stratigility\Dispatch->dispatchCallableMiddleware(Object(Flarum\Http\Middleware\StartSession), Object(Zend\Stratigility\Next), Object(Zend\Stratigility\Http\Request), Object(Zend\Stratigility\Http\Response), NULL)
#20 /Volumes/LOCALBRAIN/Projects/Web_Projects_htdocs/neo-platform-devel/community/vendor/zendframework/zend-stratigility/src/Next.php(160): Zend\Stratigility\Dispatch->__invoke(Object(Zend\Stratigility\Route), NULL, Object(Zend\Stratigility\Http\Request), Object(Zend\Stratigility\Http\Response), Object(Zend\Stratigility\Next))
#21 /Volumes/LOCALBRAIN/Projects/Web_Projects_htdocs/neo-platform-devel/community/vendor/flarum/core/src/Http/Middleware/ParseJsonBody.php(31): Zend\Stratigility\Next->__invoke(Object(Zend\Stratigility\Http\Request), Object(Zend\Stratigility\Http\Response))
#22 /Volumes/LOCALBRAIN/Projects/Web_Projects_htdocs/neo-platform-devel/community/vendor/zendframework/zend-stratigility/src/Dispatch.php(212): Flarum\Http\Middleware\ParseJsonBody->__invoke(Object(Zend\Stratigility\Http\Request), Object(Zend\Stratigility\Http\Response), Object(Zend\Stratigility\Next))
#23 /Volumes/LOCALBRAIN/Projects/Web_Projects_htdocs/neo-platform-devel/community/vendor/zendframework/zend-stratigility/src/Dispatch.php(88): Zend\Stratigility\Dispatch->dispatchCallableMiddleware(Object(Flarum\Http\Middleware\ParseJsonBody), Object(Zend\Stratigility\Next), Object(Zend\Stratigility\Http\Request), Object(Zend\Stratigility\Http\Response), NULL)
#24 /Volumes/LOCALBRAIN/Projects/Web_Projects_htdocs/neo-platform-devel/community/vendor/zendframework/zend-stratigility/src/Next.php(160): Zend\Stratigility\Dispatch->__invoke(Object(Zend\Stratigility\Route), NULL, Object(Zend\Stratigility\Http\Request), Object(Zend\Stratigility\Http\Response), Object(Zend\Stratigility\Next))
#25 /Volumes/LOCALBRAIN/Projects/Web_Projects_htdocs/neo-platform-devel/community/vendor/flarum/core/src/Http/Middleware/HandleErrors.php(61): Zend\Stratigility\Next->__invoke(Object(Zend\Stratigility\Http\Request), Object(Zend\Stratigility\Http\Response))
#26 /Volumes/LOCALBRAIN/Projects/Web_Projects_htdocs/neo-platform-devel/community/vendor/zendframework/zend-stratigility/src/Dispatch.php(212): Flarum\Http\Middleware\HandleErrors->__invoke(Object(Zend\Stratigility\Http\Request), Object(Zend\Stratigility\Http\Response), Object(Zend\Stratigility\Next))
#27 /Volumes/LOCALBRAIN/Projects/Web_Projects_htdocs/neo-platform-devel/community/vendor/zendframework/zend-stratigility/src/Dispatch.php(88): Zend\Stratigility\Dispatch->dispatchCallableMiddleware(Object(Flarum\Http\Middleware\HandleErrors), Object(Zend\Stratigility\Next), Object(Zend\Stratigility\Http\Request), Object(Zend\Stratigility\Http\Response), NULL)
#28 /Volumes/LOCALBRAIN/Projects/Web_Projects_htdocs/neo-platform-devel/community/vendor/zendframework/zend-stratigility/src/Next.php(160): Zend\Stratigility\Dispatch->__invoke(Object(Zend\Stratigility\Route), NULL, Object(Zend\Stratigility\Http\Request), Object(Zend\Stratigility\Http\Response), Object(Zend\Stratigility\Next))
#29 /Volumes/LOCALBRAIN/Projects/Web_Projects_htdocs/neo-platform-devel/community/vendor/zendframework/zend-stratigility/src/MiddlewarePipe.php(111): Zend\Stratigility\Next->__invoke(Object(Zend\Stratigility\Http\Request), Object(Zend\Stratigility\Http\Response))
#30 /Volumes/LOCALBRAIN/Projects/Web_Projects_htdocs/neo-platform-devel/community/vendor/flarum/core/src/Http/AbstractServer.php(55): Zend\Stratigility\MiddlewarePipe->__invoke(Object(Zend\Stratigility\Http\Request), Object(Zend\Stratigility\Http\Response), Object(Zend\Stratigility\NoopFinalHandler))
#31 /Volumes/LOCALBRAIN/Projects/Web_Projects_htdocs/neo-platform-devel/community/vendor/zendframework/zend-diactoros/src/Server.php(157): Flarum\Http\AbstractServer->__invoke(Object(Zend\Diactoros\ServerRequest), Object(Zend\Diactoros\Response), Object(Zend\Stratigility\NoopFinalHandler))
#32 /Volumes/LOCALBRAIN/Projects/Web_Projects_htdocs/neo-platform-devel/community/vendor/flarum/core/src/Http/AbstractServer.php(36): Zend\Diactoros\Server->listen(Object(Zend\Stratigility\NoopFinalHandler))
#33 /Volumes/LOCALBRAIN/Projects/Web_Projects_htdocs/neo-platform-devel/community/index.php(16): Flarum\Http\AbstractServer->listen()
#34 {main}  
